<?xml version="1.0" encoding="UTF-8"?>
<!-- Generated by org.testng.reporters.JUnitReportReporter -->
<testsuite hostname="DESKTOP-TTAVK1I" failures="0" tests="13" name="api.testcases.userTestCases" time="18.935" errors="0" timestamp="2024-12-02T12:27:08 IST" skipped="0">
  <testcase classname="api.testcases.userTestCases" name="createUser" time="3.620"/>
  <testcase classname="api.testcases.userTestCases" name="createUser" time="1.228"/>
  <testcase classname="api.testcases.userTestCases" name="createUser" time="1.121"/>
  <testcase classname="api.testcases.userTestCases" name="createUser" time="1.146"/>
  <testcase classname="api.testcases.userTestCases" name="getUser" time="1.144"/>
  <testcase classname="api.testcases.userTestCases" name="getUser" time="1.120"/>
  <testcase classname="api.testcases.userTestCases" name="getUser" time="1.375"/>
  <testcase classname="api.testcases.userTestCases" name="getUser" time="1.199"/>
  <testcase classname="api.testcases.userTestCases" name="updateUser" time="2.547"/>
  <testcase classname="api.testcases.userTestCases" name="deleteUser" time="1.140"/>
  <testcase classname="api.testcases.userTestCases" name="deleteUser" time="1.099"/>
  <testcase classname="api.testcases.userTestCases" name="deleteUser" time="1.089"/>
  <testcase classname="api.testcases.userTestCases" name="deleteUser" time="1.107"/>
</testsuite> <!-- api.testcases.userTestCases -->
