<?xml version="1.0" encoding="UTF-8"?>
<!-- Generated by org.testng.reporters.JUnitReportReporter -->
<testsuite hostname="DESKTOP-TTAVK1I" failures="0" tests="7" name="api.testcases.StoreTestCases" time="6.811" errors="0" timestamp="2024-12-02T12:27:08 IST" skipped="0">
  <testcase classname="api.testcases.StoreTestCases" name="extentConfigureStore" time="0.002"/>
  <testcase classname="api.testcases.StoreTestCases" name="createOrder" time="1.226"/>
  <testcase classname="api.testcases.StoreTestCases" name="createOrder" time="1.132"/>
  <testcase classname="api.testcases.StoreTestCases" name="createOrder" time="1.094"/>
  <testcase classname="api.testcases.StoreTestCases" name="getInventoryByStatus" time="1.133"/>
  <testcase classname="api.testcases.StoreTestCases" name="getOrderById" time="1.109"/>
  <testcase classname="api.testcases.StoreTestCases" name="deleteOrderById" time="1.115"/>
</testsuite> <!-- api.testcases.StoreTestCases -->
