<?xml version="1.0" encoding="UTF-8"?>
<!-- Generated by org.testng.reporters.JUnitReportReporter -->
<testsuite hostname="DESKTOP-TTAVK1I" failures="0" tests="8" name="api.testcases.petTestCases" time="14.285" errors="0" timestamp="2024-12-02T12:27:08 IST" skipped="0">
  <testcase classname="api.testcases.petTestCases" name="extentConfigurePet" time="0.002"/>
  <testcase classname="api.testcases.petTestCases" name="createPet" time="1.145"/>
  <testcase classname="api.testcases.petTestCases" name="createPet" time="1.183"/>
  <testcase classname="api.testcases.petTestCases" name="createPet" time="2.423"/>
  <testcase classname="api.testcases.petTestCases" name="createPet" time="1.182"/>
  <testcase classname="api.testcases.petTestCases" name="createPet" time="1.120"/>
  <testcase classname="api.testcases.petTestCases" name="getPet" time="5.679"/>
  <testcase classname="api.testcases.petTestCases" name="getPetByStatus" time="1.551"/>
</testsuite> <!-- api.testcases.petTestCases -->
